INFO  [2026-03-24T18:48:23.541Z] GET /add-book.html - Status: 200 - 13ms
INFO  [2026-03-24T18:48:23.570Z] GET /style.css - Status: 304 - 3ms
INFO  [2026-03-24T18:48:23.571Z] GET /script.js - Status: 304 - 4ms
INFO  [2026-03-24T18:48:23.594Z] GET /api/books - Status: 304 - 459ms
INFO  [2026-03-24T18:48:23.594Z] GET /api/categories - Status: 200 - 466ms
INFO  [2026-03-24T18:48:23.595Z] GET /api/authors - Status: 304 - 542ms
INFO  [2026-03-24T18:49:56.451Z] POST /api/authors - Status: 201 - 25ms
  Action Data: {"name":"henry fillich","nationality":"Unknown"}
INFO  [2026-03-24T18:49:56.481Z] POST /api/books - Status: 201 - 38ms
  Action Data: {"title":"The human massacre","isbn":"000-1-00-123321-4","publisher":"Ahmedabad university","publication_year":2000,"category_id":21,"author_ids":[21],"number_of_copies":4}
INFO  [2026-03-24T18:49:56.524Z] GET /api/books - Status: 200 - 8ms
INFO  [2026-03-24T18:49:56.524Z] GET /api/authors - Status: 200 - 129ms
INFO  [2026-03-24T18:49:56.527Z] GET /api/categories - Status: 304 - 229ms
INFO  [2026-03-24T18:49:59.673Z] GET /search-book.html - Status: 200 - 1ms
INFO  [2026-03-24T18:49:59.691Z] GET /style.css - Status: 304 - 2ms
INFO  [2026-03-24T18:49:59.692Z] GET /script.js - Status: 304 - 3ms
INFO  [2026-03-24T18:49:59.713Z] GET /api/books? - Status: 200 - 5ms
INFO  [2026-03-24T18:54:22.665Z] GET /search-book.html - Status: 304 - 1ms
INFO  [2026-03-24T18:54:22.683Z] GET /style.css - Status: 304 - 11ms
INFO  [2026-03-24T18:54:22.687Z] GET /script.js - Status: 304 - 14ms
INFO  [2026-03-24T18:54:22.707Z] GET /api/books? - Status: 304 - 43ms
INFO  [2026-03-24T18:54:23.661Z] GET /index.html - Status: 200 - 2ms
INFO  [2026-03-24T18:54:23.681Z] GET /style.css - Status: 304 - 13ms
INFO  [2026-03-24T18:54:24.888Z] GET /add-book.html - Status: 304 - 1ms
INFO  [2026-03-24T18:54:24.908Z] GET /style.css - Status: 304 - 14ms
INFO  [2026-03-24T18:54:24.921Z] GET /script.js - Status: 304 - 5ms
INFO  [2026-03-24T18:54:24.932Z] GET /api/books - Status: 304 - 12ms
INFO  [2026-03-24T18:54:24.932Z] GET /api/categories - Status: 304 - 185ms
INFO  [2026-03-24T18:54:24.934Z] GET /api/authors - Status: 304 - 298ms
INFO  [2026-03-24T18:54:31.464Z] GET /search-book.html - Status: 304 - 2ms
INFO  [2026-03-24T18:54:31.479Z] GET /style.css - Status: 304 - 1ms
INFO  [2026-03-24T18:54:31.480Z] GET /script.js - Status: 304 - 2ms
INFO  [2026-03-24T18:54:31.496Z] GET /api/books? - Status: 304 - 24ms
INFO  [2026-03-24T18:54:33.013Z] GET /issue-book.html - Status: 200 - 6ms
INFO  [2026-03-24T18:54:33.073Z] GET /style.css - Status: 304 - 1ms
INFO  [2026-03-24T18:54:33.073Z] GET /script.js - Status: 304 - 3ms
INFO  [2026-03-24T18:54:33.096Z] GET /api/books - Status: 304 - 4ms
INFO  [2026-03-24T18:54:33.096Z] GET /api/librarians - Status: 200 - 11ms
INFO  [2026-03-24T18:54:33.092Z] GET /api/members - Status: 200 - 18ms
INFO  [2026-03-24T18:54:39.947Z] GET /api/books/available?book_id=22 - Status: 200 - 21ms
INFO  [2026-03-24T18:59:45.748Z] GET /issue-book.html - Status: 200 - 2ms
INFO  [2026-03-24T18:59:45.766Z] GET /style.css - Status: 304 - 8ms
INFO  [2026-03-24T18:59:45.770Z] GET /script.js - Status: 304 - 10ms
INFO  [2026-03-24T18:59:45.801Z] GET /api/librarians - Status: 304 - 9ms
INFO  [2026-03-24T18:59:45.801Z] GET /api/members - Status: 304 - 81ms
INFO  [2026-03-24T18:59:45.802Z] GET /api/books - Status: 304 - 112ms
INFO  [2026-03-24T18:59:47.174Z] GET /issue-book.html - Status: 304 - 0ms
INFO  [2026-03-24T18:59:47.198Z] GET /style.css - Status: 304 - 13ms
INFO  [2026-03-24T18:59:47.201Z] GET /script.js - Status: 304 - 18ms
INFO  [2026-03-24T18:59:47.256Z] GET /api/librarians - Status: 304 - 6ms
INFO  [2026-03-24T18:59:47.247Z] GET /api/members - Status: 304 - 22ms
INFO  [2026-03-24T18:59:47.252Z] GET /api/books - Status: 304 - 19ms
INFO  [2026-03-24T19:00:12.222Z] GET /return-book.html - Status: 200 - 12ms
INFO  [2026-03-24T19:00:12.283Z] GET /style.css - Status: 304 - 1ms
INFO  [2026-03-24T19:00:12.283Z] GET /script.js - Status: 304 - 3ms
INFO  [2026-03-24T19:00:12.304Z] GET /api/issues/current - Status: 200 - 47ms
INFO  [2026-03-24T19:00:17.624Z] POST /api/return - Status: 200 - 483ms
  Action Data: {"issue_id":23}
INFO  [2026-03-24T19:00:18.110Z] GET /api/issues/current - Status: 200 - 7ms
INFO  [2026-03-24T19:00:21.035Z] POST /api/return - Status: 200 - 2ms
  Action Data: {"issue_id":27}
INFO  [2026-03-24T19:00:21.062Z] GET /api/issues/current - Status: 200 - 22ms
INFO  [2026-03-24T19:00:24.382Z] POST /api/return - Status: 200 - 16ms
  Action Data: {"issue_id":25}
INFO  [2026-03-24T19:00:24.409Z] GET /api/issues/current - Status: 200 - 20ms
INFO  [2026-03-24T19:00:25.905Z] POST /api/return - Status: 200 - 4ms
  Action Data: {"issue_id":24}
INFO  [2026-03-24T19:00:25.915Z] GET /api/issues/current - Status: 200 - 6ms
INFO  [2026-03-24T19:00:29.125Z] POST /api/return - Status: 200 - 8ms
  Action Data: {"issue_id":26}
INFO  [2026-03-24T19:00:29.145Z] GET /api/issues/current - Status: 200 - 25ms
INFO  [2026-03-24T19:00:30.085Z] GET /search-book.html - Status: 304 - 1ms
INFO  [2026-03-24T19:00:30.102Z] GET /style.css - Status: 304 - 2ms
INFO  [2026-03-24T19:00:30.103Z] GET /script.js - Status: 304 - 2ms
INFO  [2026-03-24T19:00:30.125Z] GET /api/books? - Status: 304 - 7ms
INFO  [2026-03-24T19:00:33.471Z] GET /overdue.html - Status: 200 - 3ms
INFO  [2026-03-24T19:00:33.532Z] GET /style.css - Status: 304 - 2ms
INFO  [2026-03-24T19:00:33.533Z] GET /script.js - Status: 304 - 3ms
INFO  [2026-03-24T19:00:33.563Z] GET /api/overdue - Status: 200 - 20ms
INFO  [2026-03-24T19:00:34.649Z] GET /search-book.html - Status: 304 - 1ms
INFO  [2026-03-24T19:00:34.662Z] GET /script.js - Status: 304 - 12ms
INFO  [2026-03-24T19:00:34.661Z] GET /style.css - Status: 304 - 3ms
INFO  [2026-03-24T19:00:34.691Z] GET /api/books? - Status: 304 - 7ms
INFO  [2026-03-24T19:02:24.889Z] GET /return-book.html - Status: 304 - 4ms
INFO  [2026-03-24T19:02:24.920Z] GET /style.css - Status: 304 - 7ms
INFO  [2026-03-24T19:02:24.922Z] GET /script.js - Status: 304 - 11ms
INFO  [2026-03-24T19:02:24.963Z] GET /api/issues/current - Status: 304 - 11ms
INFO  [2026-03-24T19:02:26.284Z] GET /issue-book.html - Status: 304 - 1ms
INFO  [2026-03-24T19:02:26.297Z] GET /style.css - Status: 304 - 2ms
INFO  [2026-03-24T19:02:26.298Z] GET /script.js - Status: 304 - 2ms
INFO  [2026-03-24T19:02:26.310Z] GET /api/members - Status: 304 - 7ms
INFO  [2026-03-24T19:02:26.310Z] GET /api/books - Status: 304 - 165ms
INFO  [2026-03-24T19:02:26.313Z] GET /api/librarians - Status: 304 - 381ms
INFO  [2026-03-24T19:02:27.731Z] GET /return-book.html - Status: 304 - 1ms
INFO  [2026-03-24T19:02:27.768Z] GET /style.css - Status: 304 - 4ms
INFO  [2026-03-24T19:02:27.769Z] GET /script.js - Status: 304 - 50ms
INFO  [2026-03-24T19:02:27.840Z] GET /api/issues/current - Status: 304 - 14ms
INFO  [2026-03-24T19:13:04.297Z] GET /return-book.html - Status: 200 - 39ms
INFO  [2026-03-24T19:13:04.363Z] GET /style.css - Status: 304 - 3ms
INFO  [2026-03-24T19:13:04.364Z] GET /script.js - Status: 200 - 5ms
INFO  [2026-03-24T19:13:04.822Z] GET /login.html - Status: 200 - 13ms
INFO  [2026-03-24T19:13:04.893Z] GET /style.css - Status: 304 - 8ms
INFO  [2026-03-24T19:13:04.899Z] GET /script.js - Status: 304 - 4ms
INFO  [2026-03-24T19:13:04.914Z] GET /api/librarians - Status: 304 - 384ms
INFO  [2026-03-24T19:13:04.915Z] GET /api/members - Status: 304 - 546ms
INFO  [2026-03-24T19:13:14.507Z] GET /index.html - Status: 200 - 7ms
INFO  [2026-03-24T19:13:14.542Z] GET /style.css - Status: 304 - 3ms
INFO  [2026-03-24T19:13:19.519Z] GET /index.html - Status: 304 - 2ms
INFO  [2026-03-24T19:13:19.564Z] GET /style.css - Status: 304 - 7ms
INFO  [2026-03-24T19:13:54.738Z] GET /index.html - Status: 304 - 2ms
INFO  [2026-03-24T19:13:54.796Z] GET /style.css - Status: 304 - 5ms
INFO  [2026-03-24T19:17:04.127Z] GET /index.html - Status: 200 - 11ms
INFO  [2026-03-24T19:17:04.166Z] GET /style.css - Status: 304 - 3ms
INFO  [2026-03-24T19:17:04.168Z] GET /script.js - Status: 304 - 9ms
INFO  [2026-03-24T19:18:30.382Z] GET /login.html - Status: 200 - 6ms
INFO  [2026-03-24T19:18:30.448Z] GET /style.css - Status: 304 - 10ms
INFO  [2026-03-24T19:18:30.453Z] GET /script.js - Status: 304 - 8ms
INFO  [2026-03-24T19:18:30.468Z] GET /api/librarians - Status: 304 - 25ms
INFO  [2026-03-24T19:18:30.469Z] GET /api/members - Status: 304 - 195ms
INFO  [2026-03-24T19:18:31.537Z] GET /login.html - Status: 304 - 2ms
INFO  [2026-03-24T19:18:31.582Z] GET /style.css - Status: 304 - 3ms
INFO  [2026-03-24T19:18:31.583Z] GET /script.js - Status: 304 - 13ms
INFO  [2026-03-24T19:18:31.610Z] GET /api/librarians - Status: 304 - 24ms
INFO  [2026-03-24T19:18:31.614Z] GET /api/members - Status: 304 - 29ms
INFO  [2026-03-24T19:18:35.952Z] GET /api/issues/current - Status: 200 - 34ms
INFO  [2026-03-24T19:18:46.217Z] GET /index.html - Status: 304 - 2ms
INFO  [2026-03-24T19:18:46.283Z] GET /style.css - Status: 304 - 4ms
INFO  [2026-03-24T19:18:46.284Z] GET /script.js - Status: 304 - 8ms
INFO  [2026-03-24T19:18:51.663Z] GET /search-book.html - Status: 200 - 3ms
INFO  [2026-03-24T19:18:51.688Z] GET /style.css - Status: 304 - 4ms
INFO  [2026-03-24T19:18:51.690Z] GET /script.js - Status: 304 - 4ms
INFO  [2026-03-24T19:18:51.725Z] GET /api/books? - Status: 304 - 63ms
INFO  [2026-03-24T19:18:55.527Z] GET /register-member.html - Status: 200 - 3ms
INFO  [2026-03-24T19:18:55.565Z] GET /style.css - Status: 304 - 12ms
INFO  [2026-03-24T19:18:55.568Z] GET /script.js - Status: 304 - 13ms
INFO  [2026-03-24T19:18:59.846Z] GET /add-book.html - Status: 200 - 3ms
INFO  [2026-03-24T19:18:59.894Z] GET /style.css - Status: 304 - 4ms
INFO  [2026-03-24T19:18:59.895Z] GET /script.js - Status: 304 - 15ms
INFO  [2026-03-24T19:18:59.942Z] GET /api/books - Status: 304 - 14ms
INFO  [2026-03-24T19:18:59.947Z] GET /api/categories - Status: 304 - 14ms
INFO  [2026-03-24T19:18:59.948Z] GET /api/authors - Status: 304 - 185ms
INFO  [2026-03-24T19:19:03.901Z] GET /issue-book.html - Status: 200 - 2ms
INFO  [2026-03-24T19:19:03.925Z] GET /style.css - Status: 304 - 1ms
INFO  [2026-03-24T19:19:03.925Z] GET /script.js - Status: 304 - 21ms
INFO  [2026-03-24T19:19:03.976Z] GET /api/librarians - Status: 304 - 9ms
INFO  [2026-03-24T19:19:03.971Z] GET /api/members - Status: 304 - 19ms
INFO  [2026-03-24T19:19:03.975Z] GET /api/books - Status: 304 - 24ms
INFO  [2026-03-24T19:19:06.644Z] GET /return-book.html - Status: 304 - 2ms
INFO  [2026-03-24T19:19:06.678Z] GET /style.css - Status: 304 - 2ms
INFO  [2026-03-24T19:19:06.678Z] GET /script.js - Status: 304 - 3ms
INFO  [2026-03-24T19:19:06.689Z] GET /api/issues/current - Status: 304 - 21ms
INFO  [2026-03-24T19:19:07.913Z] GET /add-librarian.html - Status: 200 - 3ms
INFO  [2026-03-24T19:19:07.940Z] GET /style.css - Status: 304 - 3ms
INFO  [2026-03-24T19:19:07.941Z] GET /script.js - Status: 304 - 9ms
INFO  [2026-03-24T19:19:10.327Z] GET /overdue.html - Status: 200 - 2ms
INFO  [2026-03-24T19:19:10.345Z] GET /script.js - Status: 304 - 5ms
INFO  [2026-03-24T19:19:10.345Z] GET /style.css - Status: 304 - 15ms
INFO  [2026-03-24T19:19:10.383Z] GET /api/overdue - Status: 304 - 18ms
INFO  [2026-03-24T19:19:11.761Z] GET /overdue.html - Status: 304 - 2ms
INFO  [2026-03-24T19:19:11.806Z] GET /style.css - Status: 304 - 7ms
INFO  [2026-03-24T19:19:11.810Z] GET /script.js - Status: 304 - 9ms
INFO  [2026-03-24T19:19:11.841Z] GET /api/overdue - Status: 304 - 9ms
INFO  [2026-03-24T19:21:23.652Z] GET /login.html - Status: 304 - 2ms
INFO  [2026-03-24T19:21:23.729Z] GET /style.css - Status: 304 - 2ms
INFO  [2026-03-24T19:21:23.730Z] GET /script.js - Status: 304 - 6ms
INFO  [2026-03-24T19:21:23.773Z] GET /api/librarians - Status: 304 - 20ms
INFO  [2026-03-24T19:21:23.776Z] GET /api/members - Status: 304 - 141ms
INFO  [2026-03-24T19:21:26.174Z] GET /index.html - Status: 304 - 1ms
INFO  [2026-03-24T19:21:26.215Z] GET /style.css - Status: 304 - 3ms
INFO  [2026-03-24T19:21:26.216Z] GET /script.js - Status: 304 - 5ms
INFO  [2026-03-24T19:21:28.230Z] GET /search-book.html - Status: 304 - 1ms
INFO  [2026-03-24T19:21:28.265Z] GET /style.css - Status: 304 - 9ms
INFO  [2026-03-24T19:21:28.269Z] GET /script.js - Status: 304 - 36ms
INFO  [2026-03-24T19:21:28.315Z] GET /api/books? - Status: 304 - 12ms
INFO  [2026-03-24T19:21:30.046Z] GET /register-member.html - Status: 304 - 1ms
INFO  [2026-03-24T19:21:30.069Z] GET /style.css - Status: 304 - 2ms
INFO  [2026-03-24T19:21:30.070Z] GET /script.js - Status: 304 - 8ms
INFO  [2026-03-24T19:21:31.029Z] GET /my-books.html - Status: 200 - 14ms
INFO  [2026-03-24T19:21:31.065Z] GET /style.css - Status: 304 - 40ms
INFO  [2026-03-24T19:21:31.072Z] GET /script.js - Status: 304 - 35ms
INFO  [2026-03-24T19:21:31.114Z] GET /api/members/1/issued - Status: 200 - 178ms
INFO  [2026-03-24T19:21:35.403Z] GET /my-overdue.html - Status: 200 - 2ms
INFO  [2026-03-24T19:21:35.427Z] GET /style.css - Status: 304 - 3ms
INFO  [2026-03-24T19:21:35.428Z] GET /script.js - Status: 304 - 12ms
INFO  [2026-03-24T19:21:35.460Z] GET /api/members/1/issued - Status: 304 - 16ms
INFO  [2026-03-25T02:58:39.641Z] GET / - Status: 200 - 114ms
INFO  [2026-03-25T02:58:39.781Z] GET /style.css - Status: 304 - 26ms
INFO  [2026-03-25T02:58:39.783Z] GET /script.js - Status: 304 - 37ms
INFO  [2026-03-25T02:58:44.514Z] GET / - Status: 304 - 1ms
INFO  [2026-03-25T02:58:44.528Z] GET /style.css - Status: 304 - 2ms
INFO  [2026-03-25T02:58:44.529Z] GET /script.js - Status: 304 - 2ms
ERROR [2026-03-25T02:58:44.704Z] GET /favicon.ico - Status: 404 - 21ms
INFO  [2026-03-25T02:59:43.558Z] GET / - Status: 304 - 27ms
INFO  [2026-03-25T02:59:43.771Z] GET /style.css - Status: 304 - 5ms
INFO  [2026-03-25T02:59:43.774Z] GET /script.js - Status: 304 - 16ms
ERROR [2026-03-25T02:59:43.949Z] GET /favicon.ico - Status: 404 - 10ms
INFO  [2026-03-25T02:59:46.904Z] GET /login.html - Status: 304 - 1ms
INFO  [2026-03-25T02:59:46.930Z] GET /style.css - Status: 304 - 4ms
INFO  [2026-03-25T02:59:46.931Z] GET /script.js - Status: 304 - 4ms
INFO  [2026-03-25T02:59:46.945Z] GET /api/librarians - Status: 304 - 1415ms
INFO  [2026-03-25T02:59:46.946Z] GET /api/members - Status: 304 - 1421ms
INFO  [2026-03-25T03:00:43.675Z] GET /index.html - Status: 304 - 2ms
INFO  [2026-03-25T03:00:43.691Z] GET /style.css - Status: 304 - 3ms
INFO  [2026-03-25T03:00:43.692Z] GET /script.js - Status: 304 - 5ms
INFO  [2026-03-25T03:00:45.381Z] GET /my-overdue.html - Status: 304 - 1ms
INFO  [2026-03-25T03:00:45.395Z] GET /style.css - Status: 304 - 3ms
INFO  [2026-03-25T03:00:45.396Z] GET /script.js - Status: 304 - 4ms
INFO  [2026-03-25T03:00:45.414Z] GET /api/members/1/issued - Status: 304 - 155ms
INFO  [2026-03-25T03:00:46.839Z] GET /my-books.html - Status: 304 - 1ms
INFO  [2026-03-25T03:00:46.855Z] GET /style.css - Status: 304 - 3ms
INFO  [2026-03-25T03:00:46.857Z] GET /script.js - Status: 304 - 4ms
INFO  [2026-03-25T03:00:46.869Z] GET /api/members/1/issued - Status: 304 - 10ms
INFO  [2026-03-25T03:00:48.083Z] GET /register-member.html - Status: 304 - 1ms
INFO  [2026-03-25T03:00:48.097Z] GET /style.css - Status: 304 - 4ms
INFO  [2026-03-25T03:00:48.101Z] GET /script.js - Status: 304 - 3ms
INFO  [2026-03-25T03:00:49.253Z] GET /search-book.html - Status: 200 - 5ms
INFO  [2026-03-25T03:00:49.273Z] GET /style.css - Status: 304 - 0ms
INFO  [2026-03-25T03:00:49.273Z] GET /script.js - Status: 304 - 1ms
INFO  [2026-03-25T03:00:49.284Z] GET /api/books? - Status: 304 - 392ms
INFO  [2026-03-25T03:00:50.673Z] GET /index.html - Status: 304 - 1ms
INFO  [2026-03-25T03:00:50.689Z] GET /style.css - Status: 304 - 4ms
INFO  [2026-03-25T03:00:50.691Z] GET /script.js - Status: 304 - 4ms
INFO  [2026-03-25T03:01:03.142Z] GET /my-books.html - Status: 304 - 0ms
INFO  [2026-03-25T03:01:03.155Z] GET /style.css - Status: 304 - 2ms
INFO  [2026-03-25T03:01:03.155Z] GET /script.js - Status: 304 - 3ms
INFO  [2026-03-25T03:01:03.169Z] GET /api/members/1/issued - Status: 304 - 3ms
INFO  [2026-03-25T03:01:51.555Z] GET /login.html - Status: 304 - 1ms
INFO  [2026-03-25T03:01:51.584Z] GET /style.css - Status: 304 - 2ms
INFO  [2026-03-25T03:01:51.585Z] GET /script.js - Status: 304 - 3ms
INFO  [2026-03-25T03:01:51.597Z] GET /api/librarians - Status: 304 - 6ms
INFO  [2026-03-25T03:01:51.598Z] GET /api/members - Status: 304 - 103ms
INFO  [2026-03-25T05:45:22.668Z] GET / - Status: 304 - 10ms
INFO  [2026-03-25T05:45:22.911Z] GET / - Status: 304 - 8ms
INFO  [2026-03-25T05:45:22.973Z] GET / - Status: 304 - 1ms
INFO  [2026-03-25T05:45:23.034Z] GET / - Status: 304 - 1ms
INFO  [2026-03-25T05:45:23.140Z] GET /script.js - Status: 304 - 5ms
INFO  [2026-03-25T05:45:23.141Z] GET /style.css - Status: 304 - 11ms
INFO  [2026-03-25T05:45:23.154Z] GET /script.js - Status: 304 - 4ms
INFO  [2026-03-25T05:45:23.156Z] GET /style.css - Status: 304 - 10ms
INFO  [2026-03-25T05:45:23.171Z] GET /script.js - Status: 304 - 11ms
INFO  [2026-03-25T05:45:23.172Z] GET /style.css - Status: 304 - 16ms
INFO  [2026-03-25T05:45:23.191Z] GET /script.js - Status: 304 - 2ms
INFO  [2026-03-25T05:45:23.194Z] GET /style.css - Status: 304 - 2ms
INFO  [2026-03-25T05:45:23.305Z] GET /login.html - Status: 304 - 2ms
INFO  [2026-03-25T05:45:23.398Z] GET /login.html - Status: 304 - 1ms
INFO  [2026-03-25T05:45:23.433Z] GET /login.html - Status: 304 - 6ms
INFO  [2026-03-25T05:45:23.435Z] GET /style.css - Status: 304 - 6ms
INFO  [2026-03-25T05:45:23.438Z] GET /script.js - Status: 304 - 7ms
INFO  [2026-03-25T05:45:23.485Z] GET /login.html - Status: 304 - 6ms
INFO  [2026-03-25T05:45:23.489Z] GET /script.js - Status: 304 - 339ms
INFO  [2026-03-25T05:45:23.489Z] GET /style.css - Status: 304 - 344ms
ERROR [2026-03-25T05:45:23.838Z] GET /favicon.ico - Status: 404 - 8ms
INFO  [2026-03-25T05:45:23.839Z] GET /script.js - Status: 304 - 11ms
INFO  [2026-03-25T05:45:23.853Z] GET /style.css - Status: 304 - 34ms
INFO  [2026-03-25T05:45:23.905Z] GET /script.js - Status: 304 - 18ms
INFO  [2026-03-25T05:45:23.937Z] GET /style.css - Status: 304 - 8ms
INFO  [2026-03-25T05:45:23.486Z] GET /api/librarians - Status: 304 - 1067ms
INFO  [2026-03-25T05:45:23.487Z] GET /api/members - Status: 304 - 1070ms
INFO  [2026-03-25T05:45:24.559Z] GET /api/librarians - Status: 304 - 8ms
INFO  [2026-03-25T05:45:24.571Z] GET /api/librarians - Status: 304 - 6ms
INFO  [2026-03-25T05:45:24.579Z] GET /api/librarians - Status: 304 - 3ms
INFO  [2026-03-25T05:45:24.560Z] GET /api/members - Status: 304 - 134ms
INFO  [2026-03-25T05:45:24.697Z] GET /api/members - Status: 304 - 8ms
INFO  [2026-03-25T05:45:24.707Z] GET /api/members - Status: 304 - 7ms
INFO  [2026-03-25T05:47:29.822Z] GET /index.html - Status: 304 - 2ms
INFO  [2026-03-25T05:47:29.852Z] GET /script.js - Status: 304 - 4ms
INFO  [2026-03-25T05:47:29.851Z] GET /style.css - Status: 304 - 10ms
INFO  [2026-03-25T05:47:31.958Z] GET /search-book.html - Status: 304 - 2ms
INFO  [2026-03-25T05:47:31.974Z] GET /style.css - Status: 304 - 2ms
INFO  [2026-03-25T05:47:31.975Z] GET /script.js - Status: 304 - 6ms
INFO  [2026-03-25T05:47:32.012Z] GET /api/books? - Status: 304 - 45ms
INFO  [2026-03-25T06:08:15.628Z] GET / - Status: 304 - 8ms
INFO  [2026-03-25T06:08:15.801Z] GET / - Status: 304 - 2ms
INFO  [2026-03-25T06:08:15.867Z] GET /script.js - Status: 304 - 4ms
INFO  [2026-03-25T06:08:15.868Z] GET /style.css - Status: 304 - 10ms
INFO  [2026-03-25T06:08:15.882Z] GET /script.js - Status: 304 - 2ms
INFO  [2026-03-25T06:08:15.885Z] GET /style.css - Status: 304 - 8ms
ERROR [2026-03-25T06:08:16.016Z] GET /favicon.ico - Status: 404 - 8ms
INFO  [2026-03-25T06:08:21.136Z] GET /login.html - Status: 304 - 3ms
INFO  [2026-03-25T06:08:21.181Z] GET /style.css - Status: 304 - 6ms
INFO  [2026-03-25T06:08:21.184Z] GET /script.js - Status: 304 - 9ms
INFO  [2026-03-25T06:08:21.223Z] GET /api/librarians - Status: 304 - 755ms
INFO  [2026-03-25T06:08:21.517Z] GET /api/members - Status: 304 - 465ms
INFO  [2026-03-25T06:08:28.412Z] GET /index.html - Status: 304 - 2ms
INFO  [2026-03-25T06:08:28.431Z] GET /style.css - Status: 304 - 4ms
INFO  [2026-03-25T06:08:28.432Z] GET /script.js - Status: 304 - 9ms
INFO  [2026-03-25T06:08:44.251Z] GET /login.html - Status: 304 - 1ms
INFO  [2026-03-25T06:08:44.272Z] GET /style.css - Status: 304 - 1ms
INFO  [2026-03-25T06:08:44.272Z] GET /script.js - Status: 304 - 3ms
INFO  [2026-03-25T06:08:44.279Z] GET /api/librarians - Status: 304 - 13ms
INFO  [2026-03-25T06:08:44.280Z] GET /api/members - Status: 304 - 145ms
INFO  [2026-03-25T06:08:51.629Z] GET /index.html - Status: 304 - 2ms
INFO  [2026-03-25T06:08:51.648Z] GET /style.css - Status: 304 - 2ms
INFO  [2026-03-25T06:08:51.649Z] GET /script.js - Status: 304 - 6ms
INFO  [2026-03-25T06:09:05.842Z] GET /register-member.html - Status: 304 - 2ms
INFO  [2026-03-25T06:09:05.862Z] GET /style.css - Status: 304 - 2ms
INFO  [2026-03-25T06:09:05.863Z] GET /script.js - Status: 304 - 7ms
INFO  [2026-03-25T06:10:09.481Z] GET /search-book.html - Status: 304 - 3ms
INFO  [2026-03-25T06:10:09.522Z] GET /style.css - Status: 304 - 3ms
INFO  [2026-03-25T06:10:09.523Z] GET /script.js - Status: 304 - 24ms
INFO  [2026-03-25T06:10:09.555Z] GET /api/books? - Status: 304 - 23ms
INFO  [2026-03-25T06:10:26.033Z] GET /api/books?title=1984 - Status: 200 - 274ms
INFO  [2026-03-25T06:10:33.700Z] GET /index.html - Status: 304 - 1ms
INFO  [2026-03-25T06:10:33.721Z] GET /style.css - Status: 304 - 9ms
INFO  [2026-03-25T06:10:33.722Z] GET /script.js - Status: 304 - 16ms
INFO  [2026-03-25T06:10:41.419Z] GET /my-books.html - Status: 304 - 1ms
INFO  [2026-03-25T06:10:41.439Z] GET /style.css - Status: 304 - 3ms
INFO  [2026-03-25T06:10:41.440Z] GET /script.js - Status: 304 - 13ms
INFO  [2026-03-25T06:10:41.462Z] GET /api/members/22/issued - Status: 200 - 24ms
INFO  [2026-03-25T06:10:45.383Z] GET /my-overdue.html - Status: 304 - 4ms
INFO  [2026-03-25T06:10:45.404Z] GET /style.css - Status: 304 - 1ms
INFO  [2026-03-25T06:10:45.404Z] GET /script.js - Status: 304 - 5ms
INFO  [2026-03-25T06:10:45.414Z] GET /api/members/22/issued - Status: 304 - 8ms
INFO  [2026-03-25T06:10:53.034Z] GET /my-books.html - Status: 304 - 3ms
INFO  [2026-03-25T06:10:53.058Z] GET /style.css - Status: 304 - 1ms
INFO  [2026-03-25T06:10:53.058Z] GET /script.js - Status: 304 - 3ms
INFO  [2026-03-25T06:10:53.072Z] GET /api/members/22/issued - Status: 304 - 4ms
INFO  [2026-03-25T06:11:06.104Z] GET /register-member.html - Status: 304 - 1ms
INFO  [2026-03-25T06:11:06.126Z] GET /style.css - Status: 304 - 2ms
INFO  [2026-03-25T06:11:06.127Z] GET /script.js - Status: 304 - 3ms
INFO  [2026-03-25T06:11:07.501Z] GET /search-book.html - Status: 304 - 1ms
INFO  [2026-03-25T06:11:07.545Z] GET /style.css - Status: 304 - 4ms
INFO  [2026-03-25T06:11:07.547Z] GET /script.js - Status: 304 - 5ms
INFO  [2026-03-25T06:11:07.557Z] GET /api/books? - Status: 304 - 9ms
INFO  [2026-03-25T06:11:08.718Z] GET /index.html - Status: 304 - 2ms
INFO  [2026-03-25T06:11:08.740Z] GET /style.css - Status: 304 - 3ms
INFO  [2026-03-25T06:11:08.742Z] GET /script.js - Status: 304 - 4ms
INFO  [2026-03-25T06:11:10.231Z] GET /register-member.html - Status: 304 - 2ms
INFO  [2026-03-25T06:11:10.259Z] GET /style.css - Status: 304 - 2ms
INFO  [2026-03-25T06:11:10.260Z] GET /script.js - Status: 304 - 4ms
INFO  [2026-03-25T06:11:11.796Z] GET /my-books.html - Status: 304 - 1ms
INFO  [2026-03-25T06:11:11.824Z] GET /style.css - Status: 304 - 3ms
INFO  [2026-03-25T06:11:11.825Z] GET /script.js - Status: 304 - 5ms
INFO  [2026-03-25T06:11:11.842Z] GET /api/members/22/issued - Status: 304 - 5ms
INFO  [2026-03-25T06:11:17.305Z] GET /login.html - Status: 304 - 2ms
INFO  [2026-03-25T06:11:17.330Z] GET /style.css - Status: 304 - 2ms
INFO  [2026-03-25T06:11:17.331Z] GET /script.js - Status: 304 - 2ms
INFO  [2026-03-25T06:11:17.337Z] GET /api/librarians - Status: 304 - 3ms
INFO  [2026-03-25T06:11:17.337Z] GET /api/members - Status: 304 - 110ms
INFO  [2026-03-25T06:11:57.515Z] GET /index.html - Status: 304 - 2ms
INFO  [2026-03-25T06:11:57.543Z] GET /style.css - Status: 304 - 3ms
INFO  [2026-03-25T06:11:57.545Z] GET /script.js - Status: 304 - 3ms
INFO  [2026-03-25T06:12:18.387Z] GET /search-book.html - Status: 304 - 2ms
INFO  [2026-03-25T06:12:18.422Z] GET /style.css - Status: 304 - 4ms
INFO  [2026-03-25T06:12:18.423Z] GET /script.js - Status: 304 - 7ms
INFO  [2026-03-25T06:12:18.437Z] GET /api/books? - Status: 304 - 8ms
INFO  [2026-03-25T06:12:34.444Z] GET /register-member.html - Status: 304 - 2ms
INFO  [2026-03-25T06:12:34.467Z] GET /style.css - Status: 304 - 4ms
INFO  [2026-03-25T06:12:34.468Z] GET /script.js - Status: 304 - 7ms
ERROR [2026-03-25T06:13:04.380Z] POST /api/members - Status: 500 - 160ms
  Action Data: {"name":"Devang parmar","email":"devang.p@ahduni.edu.in","phone":"+91 2938475863475938r7938r7r"}
INFO  [2026-03-25T06:13:12.581Z] POST /api/members - Status: 201 - 39ms
  Action Data: {"name":"Devang parmar","email":"devang.p@ahduni.edu.in","phone":"+91 29384"}
INFO  [2026-03-25T06:13:19.292Z] GET /add-book.html - Status: 200 - 8ms
INFO  [2026-03-25T06:13:19.318Z] GET /script.js - Status: 304 - 2ms
INFO  [2026-03-25T06:13:19.317Z] GET /style.css - Status: 304 - 2ms
INFO  [2026-03-25T06:14:11.776Z] GET /register-member.html - Status: 304 - 6ms
INFO  [2026-03-25T06:14:11.808Z] GET /style.css - Status: 304 - 3ms
INFO  [2026-03-25T06:14:11.810Z] GET /script.js - Status: 304 - 5ms
INFO  [2026-03-25T06:15:23.234Z] GET /style.css - Status: 304 - 2ms
ERROR [2026-03-25T06:15:23.268Z] GET /.well-known/appspecific/com.chrome.devtools.json - Status: 404 - 11ms
INFO  [2026-03-25T06:15:35.696Z] GET /register-member.html - Status: 304 - 2ms
INFO  [2026-03-25T06:15:35.721Z] GET /style.css - Status: 304 - 1ms
INFO  [2026-03-25T06:15:35.726Z] GET /script.js - Status: 304 - 25ms
ERROR [2026-03-25T06:15:35.786Z] GET /.well-known/appspecific/com.chrome.devtools.json - Status: 404 - 1ms
INFO  [2026-03-25T06:16:23.763Z] GET /add-librarian.html - Status: 304 - 2ms
INFO  [2026-03-25T06:16:23.785Z] GET /style.css - Status: 304 - 2ms
INFO  [2026-03-25T06:16:23.789Z] GET /script.js - Status: 304 - 4ms
INFO  [2026-03-25T06:16:27.449Z] GET /return-book.html - Status: 200 - 14ms
INFO  [2026-03-25T06:16:27.495Z] GET /style.css - Status: 304 - 4ms
INFO  [2026-03-25T06:16:27.496Z] GET /script.js - Status: 304 - 8ms
INFO  [2026-03-25T06:16:27.515Z] GET /api/issues/current - Status: 304 - 269ms
INFO  [2026-03-25T06:16:29.586Z] GET /issue-book.html - Status: 304 - 2ms
INFO  [2026-03-25T06:16:29.607Z] GET /style.css - Status: 304 - 6ms
INFO  [2026-03-25T06:16:29.610Z] GET /script.js - Status: 304 - 5ms
INFO  [2026-03-25T06:16:29.621Z] GET /api/members - Status: 200 - 15ms
INFO  [2026-03-25T06:16:29.624Z] GET /api/books - Status: 304 - 365ms
INFO  [2026-03-25T06:16:29.624Z] GET /api/librarians - Status: 304 - 491ms
INFO  [2026-03-25T06:18:13.028Z] GET /api/books/available?book_id=2 - Status: 200 - 79ms
INFO  [2026-03-25T06:18:28.385Z] GET /api/books/available?book_id=22 - Status: 304 - 17ms
INFO  [2026-03-25T06:18:34.269Z] POST /api/issue - Status: 201 - 486ms
  Action Data: {"member_id":1,"copy_id":27,"librarian_id":1}
INFO  [2026-03-25T06:18:41.067Z] GET /return-book.html - Status: 304 - 1ms
INFO  [2026-03-25T06:18:41.096Z] GET /style.css - Status: 304 - 6ms
INFO  [2026-03-25T06:18:41.099Z] GET /script.js - Status: 304 - 5ms
INFO  [2026-03-25T06:18:41.119Z] GET /api/issues/current - Status: 200 - 6ms
INFO  [2026-03-25T06:19:03.911Z] GET /add-librarian.html - Status: 304 - 1ms
INFO  [2026-03-25T06:19:03.935Z] GET /style.css - Status: 304 - 5ms
INFO  [2026-03-25T06:19:03.937Z] GET /script.js - Status: 304 - 5ms
INFO  [2026-03-25T06:19:12.147Z] GET /overdue.html - Status: 200 - 4ms
INFO  [2026-03-25T06:19:12.190Z] GET /style.css - Status: 304 - 3ms
INFO  [2026-03-25T06:19:12.192Z] GET /script.js - Status: 304 - 5ms
INFO  [2026-03-25T06:19:12.210Z] GET /api/overdue - Status: 304 - 33ms
INFO  [2026-03-25T06:19:29.308Z] GET /login.html - Status: 304 - 2ms
INFO  [2026-03-25T06:19:29.346Z] GET /style.css - Status: 304 - 2ms
INFO  [2026-03-25T06:19:29.347Z] GET /script.js - Status: 304 - 4ms
INFO  [2026-03-25T06:19:29.356Z] GET /api/librarians - Status: 304 - 4ms
INFO  [2026-03-25T06:19:29.356Z] GET /api/members - Status: 304 - 118ms
INFO  [2026-03-25T07:23:53.948Z] GET /login.html - Status: 304 - 73ms
INFO  [2026-03-25T07:23:54.049Z] GET /style.css - Status: 304 - 9ms
INFO  [2026-03-25T07:23:54.054Z] GET /script.js - Status: 304 - 6ms
INFO  [2026-03-25T07:23:54.069Z] GET /api/librarians - Status: 304 - 146ms
INFO  [2026-03-25T07:23:54.071Z] GET /api/members - Status: 304 - 1070ms
INFO  [2026-03-25T07:27:47.768Z] GET /index.html - Status: 304 - 2ms
INFO  [2026-03-25T07:27:47.797Z] GET /style.css - Status: 304 - 3ms
INFO  [2026-03-25T07:27:47.798Z] GET /script.js - Status: 304 - 8ms
INFO  [2026-03-25T07:27:50.056Z] GET /my-overdue.html - Status: 304 - 2ms
INFO  [2026-03-25T07:27:50.074Z] GET /script.js - Status: 304 - 3ms
INFO  [2026-03-25T07:27:50.072Z] GET /style.css - Status: 304 - 11ms
INFO  [2026-03-25T07:27:50.090Z] GET /api/members/3/issued - Status: 200 - 26ms
INFO  [2026-03-25T07:27:52.645Z] GET /my-books.html - Status: 304 - 3ms
INFO  [2026-03-25T07:27:52.671Z] GET /style.css - Status: 304 - 2ms
INFO  [2026-03-25T07:27:52.672Z] GET /script.js - Status: 304 - 1ms
INFO  [2026-03-25T07:27:52.689Z] GET /api/members/3/issued - Status: 304 - 14ms
INFO  [2026-03-25T07:27:54.840Z] GET /register-member.html - Status: 304 - 5ms
INFO  [2026-03-25T07:27:54.858Z] GET /style.css - Status: 304 - 1ms
INFO  [2026-03-25T07:27:54.858Z] GET /script.js - Status: 304 - 3ms
INFO  [2026-03-25T07:27:55.942Z] GET /search-book.html - Status: 304 - 1ms
INFO  [2026-03-25T07:27:55.959Z] GET /style.css - Status: 304 - 1ms
INFO  [2026-03-25T07:27:55.959Z] GET /script.js - Status: 304 - 6ms
INFO  [2026-03-25T07:27:55.987Z] GET /api/books? - Status: 304 - 34ms
INFO  [2026-03-25T07:28:42.968Z] GET /register-member.html - Status: 304 - 5ms
INFO  [2026-03-25T07:28:43.001Z] GET /style.css - Status: 304 - 1ms
INFO  [2026-03-25T07:28:43.002Z] GET /script.js - Status: 304 - 3ms
INFO  [2026-03-25T07:28:48.335Z] GET /search-book.html - Status: 304 - 2ms
INFO  [2026-03-25T07:28:48.388Z] GET /style.css - Status: 304 - 2ms
INFO  [2026-03-25T07:28:48.389Z] GET /script.js - Status: 304 - 5ms
INFO  [2026-03-25T07:28:48.421Z] GET /api/books? - Status: 304 - 9ms
INFO  [2026-03-25T07:28:49.298Z] GET /register-member.html - Status: 304 - 2ms
INFO  [2026-03-25T07:28:49.335Z] GET /style.css - Status: 304 - 7ms
INFO  [2026-03-25T07:28:49.336Z] GET /script.js - Status: 304 - 13ms
INFO  [2026-03-25T07:29:13.575Z] GET /login.html - Status: 304 - 2ms
INFO  [2026-03-25T07:29:13.603Z] GET /style.css - Status: 304 - 2ms
INFO  [2026-03-25T07:29:13.604Z] GET /script.js - Status: 304 - 4ms
INFO  [2026-03-25T07:29:13.615Z] GET /api/librarians - Status: 304 - 8ms
INFO  [2026-03-25T07:29:13.616Z] GET /api/members - Status: 304 - 159ms
